0 info it worked if it ends with ok
1 verbose cli [ '/Users/harjeet.singh/.nvm/versions/node/v6.9.1/bin/node',
1 verbose cli   '/Users/harjeet.singh/.nvm/versions/node/v6.9.1/bin/npm',
1 verbose cli   'run',
1 verbose cli   'sass-dev' ]
2 info using npm@3.10.8
3 info using node@v6.9.1
4 verbose run-script [ 'presass-dev', 'sass-dev', 'postsass-dev' ]
5 info lifecycle the-table@0.1.0~presass-dev: the-table@0.1.0
6 silly lifecycle the-table@0.1.0~presass-dev: no script for presass-dev, continuing
7 info lifecycle the-table@0.1.0~sass-dev: the-table@0.1.0
8 verbose lifecycle the-table@0.1.0~sass-dev: unsafe-perm in lifecycle true
9 verbose lifecycle the-table@0.1.0~sass-dev: PATH: /Users/harjeet.singh/.nvm/versions/node/v6.9.1/lib/node_modules/npm/bin/node-gyp-bin:/Users/harjeet.singh/github/the-table/node_modules/.bin:/Users/harjeet.singh/.rvm/gems/ruby-2.4.0/bin:/Users/harjeet.singh/.rvm/gems/ruby-2.4.0@global/bin:/Users/harjeet.singh/.rvm/rubies/ruby-2.4.0/bin:/Users/harjeet.singh/.nvm/versions/node/v6.9.1/bin:/usr/local/bin:/Users/harjeet.singh/.nvm/versions/node/v6.9.1/lib/node_modules/ease/bin:/usr/local/bin:/usr/bin:/bin:/usr/sbin:/sbin:/Users/harjeet.singh/.rvm/bin
10 verbose lifecycle the-table@0.1.0~sass-dev: CWD: /Users/harjeet.singh/github/the-table
11 silly lifecycle the-table@0.1.0~sass-dev: Args: [ '-c',
11 silly lifecycle   './node_modules/node-sass/bin/node-sass ./src/sass/index.scss -o ./src/sass' ]
12 silly lifecycle the-table@0.1.0~sass-dev: Returned: code: 1  signal: null
13 info lifecycle the-table@0.1.0~sass-dev: Failed to exec sass-dev script
14 verbose stack Error: the-table@0.1.0 sass-dev: `./node_modules/node-sass/bin/node-sass ./src/sass/index.scss -o ./src/sass`
14 verbose stack Exit status 1
14 verbose stack     at EventEmitter.<anonymous> (/Users/harjeet.singh/.nvm/versions/node/v6.9.1/lib/node_modules/npm/lib/utils/lifecycle.js:255:16)
14 verbose stack     at emitTwo (events.js:106:13)
14 verbose stack     at EventEmitter.emit (events.js:191:7)
14 verbose stack     at ChildProcess.<anonymous> (/Users/harjeet.singh/.nvm/versions/node/v6.9.1/lib/node_modules/npm/lib/utils/spawn.js:40:14)
14 verbose stack     at emitTwo (events.js:106:13)
14 verbose stack     at ChildProcess.emit (events.js:191:7)
14 verbose stack     at maybeClose (internal/child_process.js:877:16)
14 verbose stack     at Process.ChildProcess._handle.onexit (internal/child_process.js:226:5)
15 verbose pkgid the-table@0.1.0
16 verbose cwd /Users/harjeet.singh/github/the-table
17 error Darwin 16.5.0
18 error argv "/Users/harjeet.singh/.nvm/versions/node/v6.9.1/bin/node" "/Users/harjeet.singh/.nvm/versions/node/v6.9.1/bin/npm" "run" "sass-dev"
19 error node v6.9.1
20 error npm  v3.10.8
21 error code ELIFECYCLE
22 error the-table@0.1.0 sass-dev: `./node_modules/node-sass/bin/node-sass ./src/sass/index.scss -o ./src/sass`
22 error Exit status 1
23 error Failed at the the-table@0.1.0 sass-dev script './node_modules/node-sass/bin/node-sass ./src/sass/index.scss -o ./src/sass'.
23 error Make sure you have the latest version of node.js and npm installed.
23 error If you do, this is most likely a problem with the the-table package,
23 error not with npm itself.
23 error Tell the author that this fails on your system:
23 error     ./node_modules/node-sass/bin/node-sass ./src/sass/index.scss -o ./src/sass
23 error You can get information on how to open an issue for this project with:
23 error     npm bugs the-table
23 error Or if that isn't available, you can get their info via:
23 error     npm owner ls the-table
23 error There is likely additional logging output above.
24 verbose exit [ 1, true ]
